Flow report for MIPC_RISK_SimpleCPU
Wed Mar 20 08:40:15 2024
Quartus Prime Version 23.1std.0 Build 991 11/28/2023 SC Lite Edition


---------------------
; Table of Contents ;
---------------------
  1. Legal Notice
  2. Flow Summary
  3. Flow Settings
  4. Flow Non-Default Global Settings
  5. Flow Elapsed Time
  6. Flow OS Summary
  7. Flow Log
  8. Flow Messages
  9. Flow Suppressed Messages



----------------
; Legal Notice ;
----------------
Copyright (C) 2023  Intel Corporation. All rights reserved.
Your use of Intel Corporation's design tools, logic functions 
and other software and tools, and any partner logic 
functions, and any output files from any of the foregoing 
(including device programming or simulation files), and any 
associated documentation or information are expressly subject 
to the terms and conditions of the Intel Program License 
Subscription Agreement, the Intel Quartus Prime License Agreement,
the Intel FPGA IP License Agreement, or other applicable license
agreement, including, without limitation, that your use is for
the sole purpose of programming logic devices manufactured by
Intel and sold by Intel or its authorized distributors.  Please
refer to the applicable agreement for further details, at
https://fpgasoftware.intel.com/eula.



+-------------------------------------------------------------------------------------+
; Flow Summary                                                                        ;
+------------------------------------+------------------------------------------------+
; Flow Status                        ; Successful - Wed Mar 20 08:40:15 2024          ;
; Quartus Prime Version              ; 23.1std.0 Build 991 11/28/2023 SC Lite Edition ;
; Revision Name                      ; MIPC_RISK_SimpleCPU                            ;
; Top-level Entity Name              ; top_level                                      ;
; Family                             ; Cyclone IV E                                   ;
; Device                             ; EP4CE115F29C7                                  ;
; Timing Models                      ; Final                                          ;
; Total logic elements               ; 0 / 114,480 ( 0 % )                            ;
;     Total combinational functions  ; 0 / 114,480 ( 0 % )                            ;
;     Dedicated logic registers      ; 0 / 114,480 ( 0 % )                            ;
; Total registers                    ; 0                                              ;
; Total pins                         ; 2 / 529 ( < 1 % )                              ;
; Total virtual pins                 ; 0                                              ;
; Total memory bits                  ; 0 / 3,981,312 ( 0 % )                          ;
; Embedded Multiplier 9-bit elements ; 0 / 532 ( 0 % )                                ;
; Total PLLs                         ; 0 / 4 ( 0 % )                                  ;
+------------------------------------+------------------------------------------------+


+-----------------------------------------+
; Flow Settings                           ;
+-------------------+---------------------+
; Option            ; Setting             ;
+-------------------+---------------------+
; Start date & time ; 03/20/2024 08:39:50 ;
; Main task         ; Compilation         ;
; Revision Name     ; MIPC_RISK_SimpleCPU ;
+-------------------+---------------------+


+----------------------------------------------------------------------------------------------------------------------------------------------------------------------------+
; Flow Non-Default Global Settings                                                                                                                                           ;
+-------------------------------------+---------------------------------------------------------------------------------+---------------------+-------------+----------------+
; Assignment Name                     ; Value                                                                           ; Default Value       ; Entity Name ; Section Id     ;
+-------------------------------------+---------------------------------------------------------------------------------+---------------------+-------------+----------------+
; COMPILER_SIGNATURE_ID               ; 91766645577.171093839024296                                                     ; --                  ; --          ; --             ;
; EDA_GENERATE_FUNCTIONAL_NETLIST     ; On                                                                              ; --                  ; --          ; eda_simulation ;
; EDA_NETLIST_WRITER_OUTPUT_DIR       ; C:/Users/Wring/Documents/_uOttawa/2024Winter/CEG3156/Labs/Lab2/simulation/qsim/ ; --                  ; --          ; eda_simulation ;
; EDA_OUTPUT_DATA_FORMAT              ; Verilog Hdl                                                                     ; --                  ; --          ; eda_simulation ;
; EDA_SIMULATION_TOOL                 ; Questa Intel FPGA (Verilog)                                                     ; <None>              ; --          ; --             ;
; EDA_TIME_SCALE                      ; 1 ps                                                                            ; --                  ; --          ; eda_simulation ;
; MAX_CORE_JUNCTION_TEMP              ; 85                                                                              ; --                  ; --          ; --             ;
; MIN_CORE_JUNCTION_TEMP              ; 0                                                                               ; --                  ; --          ; --             ;
; MISC_FILE                           ; DMEM_wizard.bsf                                                                 ; --                  ; --          ; --             ;
; MISC_FILE                           ; DMEM_wizard_inst.vhd                                                            ; --                  ; --          ; --             ;
; MISC_FILE                           ; DMEM_wizard.inc                                                                 ; --                  ; --          ; --             ;
; MISC_FILE                           ; DMEM_wizard.cmp                                                                 ; --                  ; --          ; --             ;
; NOMINAL_CORE_SUPPLY_VOLTAGE         ; 1.2V                                                                            ; --                  ; --          ; --             ;
; PARTITION_COLOR                     ; -- (Not supported for targeted family)                                          ; --                  ; top_level   ; Top            ;
; PARTITION_FITTER_PRESERVATION_LEVEL ; -- (Not supported for targeted family)                                          ; --                  ; top_level   ; Top            ;
; PARTITION_NETLIST_TYPE              ; -- (Not supported for targeted family)                                          ; --                  ; top_level   ; Top            ;
; POWER_BOARD_THERMAL_MODEL           ; None (CONSERVATIVE)                                                             ; --                  ; --          ; --             ;
; POWER_PRESET_COOLING_SOLUTION       ; 23 MM HEAT SINK WITH 200 LFPM AIRFLOW                                           ; --                  ; --          ; --             ;
; PROJECT_OUTPUT_DIRECTORY            ; output_files                                                                    ; --                  ; --          ; --             ;
; TOP_LEVEL_ENTITY                    ; top_level                                                                       ; MIPC_RISK_SimpleCPU ; --          ; --             ;
+-------------------------------------+---------------------------------------------------------------------------------+---------------------+-------------+----------------+


+--------------------------------------------------------------------------------------------------------------------------+
; Flow Elapsed Time                                                                                                        ;
+----------------------+--------------+-------------------------+---------------------+------------------------------------+
; Module Name          ; Elapsed Time ; Average Processors Used ; Peak Virtual Memory ; Total CPU Time (on all processors) ;
+----------------------+--------------+-------------------------+---------------------+------------------------------------+
; Analysis & Synthesis ; 00:00:09     ; 1.0                     ; 4892 MB             ; 00:00:10                           ;
; Fitter               ; 00:00:07     ; 1.0                     ; 6301 MB             ; 00:00:08                           ;
; Assembler            ; 00:00:02     ; 1.0                     ; 4706 MB             ; 00:00:01                           ;
; Timing Analyzer      ; 00:00:01     ; 1.0                     ; 4919 MB             ; 00:00:01                           ;
; EDA Netlist Writer   ; 00:00:00     ; 1.0                     ; 4661 MB             ; 00:00:00                           ;
; Total                ; 00:00:19     ; --                      ; --                  ; 00:00:20                           ;
+----------------------+--------------+-------------------------+---------------------+------------------------------------+


+------------------------------------------------------------------------------------+
; Flow OS Summary                                                                    ;
+----------------------+------------------+------------+------------+----------------+
; Module Name          ; Machine Hostname ; OS Name    ; OS Version ; Processor type ;
+----------------------+------------------+------------+------------+----------------+
; Analysis & Synthesis ; Alae-PC          ; Windows 10 ; 10.0       ; x86_64         ;
; Fitter               ; Alae-PC          ; Windows 10 ; 10.0       ; x86_64         ;
; Assembler            ; Alae-PC          ; Windows 10 ; 10.0       ; x86_64         ;
; Timing Analyzer      ; Alae-PC          ; Windows 10 ; 10.0       ; x86_64         ;
; EDA Netlist Writer   ; Alae-PC          ; Windows 10 ; 10.0       ; x86_64         ;
+----------------------+------------------+------------+------------+----------------+


------------
; Flow Log ;
------------
quartus_map --read_settings_files=on --write_settings_files=off MIPC_RISK_SimpleCPU -c MIPC_RISK_SimpleCPU
quartus_fit --read_settings_files=off --write_settings_files=off MIPC_RISK_SimpleCPU -c MIPC_RISK_SimpleCPU
quartus_asm --read_settings_files=off --write_settings_files=off MIPC_RISK_SimpleCPU -c MIPC_RISK_SimpleCPU
quartus_sta MIPC_RISK_SimpleCPU -c MIPC_RISK_SimpleCPU
quartus_eda --read_settings_files=off --write_settings_files=off MIPC_RISK_SimpleCPU -c MIPC_RISK_SimpleCPU



